[landing.engotheme.com/html/lotus/demo/index-3.html]
[backblue.gif]
[fade.gif]
[index.html]
[landing.engotheme.com/html/lotus/demo/images/favicon.png]
[landing.engotheme.com/html/lotus/demo/css/lib/font-awesome.min.css]
[landing.engotheme.com/html/lotus/demo/css/lib/font-lotusicon.css]
[landing.engotheme.com/html/lotus/demo/css/lib/bootstrap.min.css]
[landing.engotheme.com/html/lotus/demo/css/lib/owl.carousel.css]
[landing.engotheme.com/html/lotus/demo/css/lib/jquery-ui.min.css]
[landing.engotheme.com/html/lotus/demo/css/lib/magnific-popup.css]
[landing.engotheme.com/html/lotus/demo/css/lib/settings.css]
[landing.engotheme.com/html/lotus/demo/css/lib/bootstrap-select.min.css]
[landing.engotheme.com/html/lotus/demo/css/helper.css]
[landing.engotheme.com/html/lotus/demo/css/custom.css]
[landing.engotheme.com/html/lotus/demo/css/responsive.css]
[landing.engotheme.com/html/lotus/demo/css/style.css]
[landing.engotheme.com/html/lotus/demo/!]
[landing.engotheme.com/html/lotus/demo/login.html]
[landing.engotheme.com/html/lotus/demo/register.html]
[landing.engotheme.com/html/lotus/demo/images/logo-header.png]
[landing.engotheme.com/html/lotus/demo/index.html]
[landing.engotheme.com/html/lotus/demo/index-2.html]
[landing.engotheme.com/html/lotus/demo/index-4.html]
[landing.engotheme.com/html/lotus/demo/about.html]
[landing.engotheme.com/html/lotus/demo/room-1.html]
[landing.engotheme.com/html/lotus/demo/room-2.html]
[landing.engotheme.com/html/lotus/demo/room-3.html]
[landing.engotheme.com/html/lotus/demo/room-4.html]
[landing.engotheme.com/html/lotus/demo/room-5.html]
[landing.engotheme.com/html/lotus/demo/room-6.html]
[landing.engotheme.com/html/lotus/demo/room-detail.html]
[landing.engotheme.com/html/lotus/demo/restaurants-1.html]
[landing.engotheme.com/html/lotus/demo/restaurants-2.html]
[landing.engotheme.com/html/lotus/demo/restaurants-3.html]
[landing.engotheme.com/html/lotus/demo/restaurants-4.html]
[landing.engotheme.com/html/lotus/demo/reservation-step-1.html]
[landing.engotheme.com/html/lotus/demo/reservation-step-2.html]
[landing.engotheme.com/html/lotus/demo/reservation-step-3.html]
[landing.engotheme.com/html/lotus/demo/reservation-step-4.html]
[landing.engotheme.com/html/lotus/demo/reservation-step-5.html]
[landing.engotheme.com/html/lotus/demo/guest-book.html]
[landing.engotheme.com/html/lotus/demo/guest-book-2.html]
[landing.engotheme.com/html/lotus/demo/events.html]
[landing.engotheme.com/html/lotus/demo/events-fullwidth.html]
[landing.engotheme.com/html/lotus/demo/events-detail.html]
[landing.engotheme.com/html/lotus/demo/attractions.html]
[landing.engotheme.com/html/lotus/demo/term-condition.html]
[landing.engotheme.com/html/lotus/demo/term-condition-2.html]
[landing.engotheme.com/html/lotus/demo/activiti.html]
[landing.engotheme.com/html/lotus/demo/activiti-detail.html]
[landing.engotheme.com/html/lotus/demo/check-out.html]
[landing.engotheme.com/html/lotus/demo/shortcode.html]
[landing.engotheme.com/html/lotus/demo/page-404.html]
[landing.engotheme.com/html/lotus/demo/comingsoon.html]
[landing.engotheme.com/html/lotus/demo/gallery.html]
[landing.engotheme.com/html/lotus/demo/gallery-2.html]
[landing.engotheme.com/html/lotus/demo/gallery-3.html]
[landing.engotheme.com/html/lotus/demo/blog.html]
[landing.engotheme.com/html/lotus/demo/blog-detail.html]
[landing.engotheme.com/html/lotus/demo/blog-detail-fullwidth.html]
[landing.engotheme.com/html/lotus/demo/contact.html]
[landing.engotheme.com/html/lotus/demo/images/home-3/slider-1.png]
[landing.engotheme.com/html/lotus/demo/images/slider/hom1-slide1.png]
[landing.engotheme.com/html/lotus/demo/images/slider/img-4.jpg]
[landing.engotheme.com/html/lotus/demo/images/icon-slider-1.png]
[landing.engotheme.com/html/lotus/demo/images/icon-slider-2.png]
[landing.engotheme.com/html/lotus/demo/images/room/img-1.jpg]
[landing.engotheme.com/html/lotus/demo/images/room/img-2.jpg]
[landing.engotheme.com/html/lotus/demo/images/room/img-3.jpg]
[landing.engotheme.com/html/lotus/demo/images/room/img-4.jpg]
[landing.engotheme.com/html/lotus/demo/images/room/img-5.jpg]
[landing.engotheme.com/html/lotus/demo/images/room/img-6.jpg]
[landing.engotheme.com/html/lotus/demo/images/home-3/about-hill.png]
[landing.engotheme.com/html/lotus/demo/images/home-3/icon/icon-11.png]
[landing.engotheme.com/html/lotus/demo/images/home-3/icon/icon-12.png]
[landing.engotheme.com/html/lotus/demo/images/home-3/icon/icon-13.png]
[landing.engotheme.com/html/lotus/demo/images/home-3/icon/icon-14.png]
[landing.engotheme.com/html/lotus/demo/images/home-3/icon/icon-15.png]
[landing.engotheme.com/html/lotus/demo/images/home-3/icon/icon-16.png]
[landing.engotheme.com/html/lotus/demo/images/avatar/img-15.png]
[landing.engotheme.com/html/lotus/demo/images/avatar/img-5.jpg]
[landing.engotheme.com/html/lotus/demo/images/home-3/deals/deals-1.png]
[landing.engotheme.com/html/lotus/demo/images/home-3/deals/deals-3.png]
[landing.engotheme.com/html/lotus/demo/images/home-3/deals/deals-2.png]
[landing.engotheme.com/html/lotus/demo/images/home-3/deals/deals-4.png]
[landing.engotheme.com/html/lotus/demo/images/home-3/blog/blog-1.png]
[landing.engotheme.com/html/lotus/demo/images/home-3/blog/blog-2.png]
[landing.engotheme.com/html/lotus/demo/images/home-3/blog/blog-3.png]
[landing.engotheme.com/html/lotus/demo/images/home-3/footer/mail-footer.png]
[landing.engotheme.com/html/lotus/demo/images/home-3/footer/logo-footer.png]
[landing.engotheme.com/html/lotus/demo/images/home-3/footer/logo-trivision.png]
[landing.engotheme.com/html/lotus/demo/images/home-3/footer/card.png]
[landing.engotheme.com/cdn-cgi/scripts/5c5dd728/cloudflare-static/email-decode.min.js]
[landing.engotheme.com/html/lotus/demo/js/lib/jquery-1.11.0.min.js]
[landing.engotheme.com/html/lotus/demo/js/lib/jquery-ui.min.js]
[landing.engotheme.com/html/lotus/demo/js/lib/bootstrap.min.js]
[landing.engotheme.com/html/lotus/demo/js/lib/bootstrap-select.js]
[landing.engotheme.com/html/lotus/demo/js/lib/jquery.themepunch.revolution.min.js]
[landing.engotheme.com/html/lotus/demo/js/lib/jquery.themepunch.tools.min.js]
[landing.engotheme.com/html/lotus/demo/js/lib/owl.carousel.js]
[landing.engotheme.com/html/lotus/demo/js/lib/jquery.appear.min.js]
[landing.engotheme.com/html/lotus/demo/js/lib/jquery.countTo.js]
[landing.engotheme.com/html/lotus/demo/js/lib/jquery.countdown.min.js]
[landing.engotheme.com/html/lotus/demo/js/lib/jquery.parallax-1.1.3.js]
[landing.engotheme.com/html/lotus/demo/js/lib/jquery.magnific-popup.min.js]
[landing.engotheme.com/html/lotus/demo/js/lib/SmoothScroll.js]
[landing.engotheme.com/html/lotus/demo/js/lib/jquery.form.min.js]
[landing.engotheme.com/html/lotus/demo/js/lib/jquery.validate.min.js]
[landing.engotheme.com/html/lotus/demo/index-3.html]
[landing.engotheme.com/html/lotus/demo/js/scripts.js]
[landing.engotheme.com/html/lotus/demo/fonts/fontAwesome/fontawesome-webfonte0a5.eot]
[landing.engotheme.com/html/lotus/demo/fonts/fontAwesome/fontawesome-webfontd41d.eot]
[landing.engotheme.com/html/lotus/demo/fonts/fontAwesome/fontawesome-webfonte0a5.woff2]
[landing.engotheme.com/html/lotus/demo/fonts/fontAwesome/fontawesome-webfonte0a5.woff]
[landing.engotheme.com/html/lotus/demo/fonts/fontAwesome/fontawesome-webfonte0a5.ttf]
[landing.engotheme.com/html/lotus/demo/css/lib/font-awesome.min.css]
[landing.engotheme.com/html/lotus/demo/fonts/fontAwesome/fontawesome-webfonte0a5.svg]
[landing.engotheme.com/html/lotus/demo/fonts/lotus/icomoonaabe.eot]
[landing.engotheme.com/html/lotus/demo/fonts/lotus/icomoond41d.eot]
[landing.engotheme.com/html/lotus/demo/fonts/lotus/icomoonaabe.woff]
[landing.engotheme.com/html/lotus/demo/fonts/lotus/icomoonaabe.ttf]
[landing.engotheme.com/html/lotus/demo/css/lib/font-lotusicon.css]
[landing.engotheme.com/html/lotus/demo/fonts/lotus/icomoonaabe.svg]
[landing.engotheme.com/html/lotus/demo/fonts/glyphicons/glyphicons-halflings-regular.eot]
[landing.engotheme.com/html/lotus/demo/fonts/glyphicons/glyphicons-halflings-regulard41d.eot]
[landing.engotheme.com/html/lotus/demo/fonts/glyphicons/glyphicons-halflings-regular.woff]
[landing.engotheme.com/html/lotus/demo/fonts/glyphicons/glyphicons-halflings-regular.ttf]
[landing.engotheme.com/html/lotus/demo/fonts/glyphicons/glyphicons-halflings-regular.svg]
[landing.engotheme.com/html/lotus/demo/css/lib/bootstrap.min.css]
[landing.engotheme.com/html/lotus/demo/css/lib/grabbing.png]
[landing.engotheme.com/html/lotus/demo/css/lib/owl.carousel.css]
[landing.engotheme.com/html/lotus/demo/css/lib/images/ui-bg_highlight-soft_100_eeeeee_1x100.png]
[landing.engotheme.com/html/lotus/demo/css/lib/images/ui-bg_gloss-wave_35_f6a828_500x100.png]
[landing.engotheme.com/html/lotus/demo/css/lib/images/ui-bg_glass_100_f6f6f6_1x400.png]
[landing.engotheme.com/html/lotus/demo/css/lib/images/ui-bg_glass_100_fdf5ce_1x400.png]
[landing.engotheme.com/html/lotus/demo/css/lib/images/ui-bg_glass_65_ffffff_1x400.png]
[landing.engotheme.com/html/lotus/demo/css/lib/images/ui-bg_highlight-soft_75_ffe45c_1x100.png]
[landing.engotheme.com/html/lotus/demo/css/lib/images/ui-bg_diagonals-thick_18_b81900_40x40.png]
[landing.engotheme.com/html/lotus/demo/css/lib/images/ui-icons_222222_256x240.png]
[landing.engotheme.com/html/lotus/demo/css/lib/images/ui-icons_ffffff_256x240.png]
[landing.engotheme.com/html/lotus/demo/css/lib/images/ui-icons_ef8c08_256x240.png]
[landing.engotheme.com/html/lotus/demo/css/lib/images/ui-icons_228ef1_256x240.png]
[landing.engotheme.com/html/lotus/demo/css/lib/images/ui-icons_ffd27a_256x240.png]
[landing.engotheme.com/html/lotus/demo/css/lib/images/ui-bg_diagonals-thick_20_666666_40x40.png]
[landing.engotheme.com/html/lotus/demo/css/lib/images/ui-bg_flat_10_000000_40x100.png]
[landing.engotheme.com/html/lotus/demo/css/lib/jquery-ui.min.css]
[landing.engotheme.com/html/lotus/demo/css/lib/magnific-popup.css]
[landing.engotheme.com/html/lotus/demo/css/images/gradient/g30.png]
[landing.engotheme.com/html/lotus/demo/css/images/gradient/g40.png]
[landing.engotheme.com/html/lotus/demo/css/assets/shadow1.png]
[landing.engotheme.com/html/lotus/demo/css/assets/shadow2.png]
[landing.engotheme.com/html/lotus/demo/css/assets/shadow3.png]
[landing.engotheme.com/html/lotus/demo/css/assets/gridtile.png]
[landing.engotheme.com/html/lotus/demo/css/assets/gridtile_white.png]
[landing.engotheme.com/html/lotus/demo/css/assets/gridtile_3x3.png]
[landing.engotheme.com/html/lotus/demo/css/assets/gridtile_3x3_white.png]
[landing.engotheme.com/html/lotus/demo/css/assets/boxed_bgtile.png]
[landing.engotheme.com/html/lotus/demo/css/assets/navigdots_bgtile.png]
[landing.engotheme.com/html/lotus/demo/css/assets/navigdots.png]
[landing.engotheme.com/html/lotus/demo/css/assets/coloredbg.png]
[landing.engotheme.com/html/lotus/demo/css/assets/loader.gif]
[landing.engotheme.com/html/lotus/demo/fonts/revicons/revicons90c6.eot]
[landing.engotheme.com/html/lotus/demo/fonts/revicons/revicons90c6.woff]
[landing.engotheme.com/html/lotus/demo/fonts/revicons/revicons90c6.ttf]
[landing.engotheme.com/html/lotus/demo/css/lib/settings.css]
[landing.engotheme.com/html/lotus/demo/css/lib/bootstrap-select.min.css]
[landing.engotheme.com/html/lotus/demo/css/helper.css]
[landing.engotheme.com/html/lotus/demo/fonts/revicons/revicons90c6.svg]
[landing.engotheme.com/html/lotus/demo/images/home-3/icon-dropdow.png]
[landing.engotheme.com/html/lotus/demo/images/home-3/bgr-guest-book.png]
[landing.engotheme.com/html/lotus/demo/images/home-3/icon/before-testimonial.png]
[landing.engotheme.com/html/lotus/demo/images/home-3/bgr-video.png]
[landing.engotheme.com/html/lotus/demo/images/home-3/icon/player-1.png]
[landing.engotheme.com/html/lotus/demo/images/home-3/icon/player-2-1.png]
[landing.engotheme.com/html/lotus/demo/images/home-3/footer/news.png]
[landing.engotheme.com/html/lotus/demo/images/home-3/footer/footer-center.png]
[landing.engotheme.com/html/lotus/demo/css/custom.css]
[landing.engotheme.com/html/lotus/demo/css/responsive.css]
[landing.engotheme.com/html/lotus/demo/images/banner/img-1.jpg]
[landing.engotheme.com/html/lotus/demo/images/banner/img-2.jpg]
[landing.engotheme.com/html/lotus/demo/images/banner/img-3.jpg]
[landing.engotheme.com/html/lotus/demo/images/banner/img-4.jpg]
[landing.engotheme.com/html/lotus/demo/images/banner/img-5.jpg]
[landing.engotheme.com/html/lotus/demo/images/banner/img-6.jpg]
[landing.engotheme.com/html/lotus/demo/images/banner/img-7.jpg]
[landing.engotheme.com/html/lotus/demo/images/banner/img-8.jpg]
[landing.engotheme.com/html/lotus/demo/images/banner/img-9.jpg]
[landing.engotheme.com/html/lotus/demo/images/banner/img-10.jpg]
[landing.engotheme.com/html/lotus/demo/images/banner/img-11.jpg]
[landing.engotheme.com/html/lotus/demo/images/banner/img-12.jpg]
[landing.engotheme.com/html/lotus/demo/images/banner/img-13.jpg]
[landing.engotheme.com/html/lotus/demo/images/banner/img-14.jpg]
[landing.engotheme.com/html/lotus/demo/images/banner/img-15.jpg]
[landing.engotheme.com/html/lotus/demo/images/banner/img-16.jpg]
[landing.engotheme.com/html/lotus/demo/images/banner/img-17.jpg]
[landing.engotheme.com/html/lotus/demo/images/banner/img-18.jpg]
[landing.engotheme.com/html/lotus/demo/images/banner/img-19.jpg]
[landing.engotheme.com/html/lotus/demo/images/banner/img-20.jpg]
[landing.engotheme.com/html/lotus/demo/images/banner/img-21.jpg]
[landing.engotheme.com/html/lotus/demo/images/bg_check-avi.png]
[landing.engotheme.com/html/lotus/demo/images/icon-select-cal.png]
[landing.engotheme.com/html/lotus/demo/images/icon-galery.png]
[landing.engotheme.com/html/lotus/demo/images/bg-footer-top.png]
[landing.engotheme.com/html/lotus/demo/css/style.css]
[landing.engotheme.com/html/lotus/demo/!.html]
[landing.engotheme.com/html/lotus/demo/images/logo-footer.png]
[landing.engotheme.com/html/lotus/demo/images/tripadvisor.png]
[landing.engotheme.com/html/lotus/demo/login.html]
[landing.engotheme.com/html/lotus/demo/register.html]
[landing.engotheme.com/html/lotus/demo/js/lib/isotope.pkgd.min.js]
[landing.engotheme.com/html/lotus/demo/images/slider/img-5.jpg]
[landing.engotheme.com/html/lotus/demo/images/icon-accmod.png]
[landing.engotheme.com/html/lotus/demo/images/home/about/img-1.jpg]
[landing.engotheme.com/html/lotus/demo/images/home/ourbest/img-1.jpg]
[landing.engotheme.com/html/lotus/demo/images/home/ourbest/icon-3.png]
[landing.engotheme.com/html/lotus/demo/images/home/ourbest/icon-2.png]
[landing.engotheme.com/html/lotus/demo/images/home/ourbest/icon-4.png]
[landing.engotheme.com/html/lotus/demo/images/home/ourbest/icon-5.png]
[landing.engotheme.com/html/lotus/demo/images/home/ourbest/icon-1.png]
[landing.engotheme.com/html/lotus/demo/images/home/ourbest/icon-6.png]
[landing.engotheme.com/html/lotus/demo/images/home/eventdeal/img-1.jpg]
[landing.engotheme.com/html/lotus/demo/images/home/eventdeal/img-2.jpg]
[landing.engotheme.com/html/lotus/demo/images/home/eventdeal/img-3.jpg]
[landing.engotheme.com/html/lotus/demo/images/home/lotusnews/img-1.jpg]
[landing.engotheme.com/html/lotus/demo/images/home/lotusnews/img-2.jpg]
[landing.engotheme.com/html/lotus/demo/images/home/lotusnews/img-3.jpg]
[landing.engotheme.com/html/lotus/demo/images/gallery/popup/img-1.jpg]
[landing.engotheme.com/html/lotus/demo/images/gallery/img-1.jpg]
[landing.engotheme.com/html/lotus/demo/images/gallery/img-2.jpg]
[landing.engotheme.com/html/lotus/demo/images/gallery/img-3.jpg]
[landing.engotheme.com/html/lotus/demo/images/gallery/img-4.jpg]
[landing.engotheme.com/html/lotus/demo/images/gallery/img-5.jpg]
[landing.engotheme.com/html/lotus/demo/images/gallery/img-6.jpg]
[landing.engotheme.com/html/lotus/demo/images/gallery/img-7.jpg]
[landing.engotheme.com/html/lotus/demo/images/gallery/img-8.jpg]
[landing.engotheme.com/html/lotus/demo/images/gallery/img-9.jpg]
[landing.engotheme.com/html/lotus/demo/images/gallery/img-10.jpg]
[landing.engotheme.com/html/lotus/demo/images/gallery/img-11.jpg]
[landing.engotheme.com/html/lotus/demo/images/gallery/img-12.jpg]
[landing.engotheme.com/html/lotus/demo/index.html]
[landing.engotheme.com/html/lotus/demo/images/room/img-7.jpg]
[landing.engotheme.com/html/lotus/demo/images/room/img-8.jpg]
[landing.engotheme.com/html/lotus/demo/images/room/img-9.jpg]
[landing.engotheme.com/html/lotus/demo/index-2.html]
[landing.engotheme.com/html/lotus/demo/images/home-3/slider-2.png]
[landing.engotheme.com/html/lotus/demo/images/home-3/room/room-2-1.png]
[landing.engotheme.com/html/lotus/demo/images/home-3/room/room-2-2.png]
[landing.engotheme.com/html/lotus/demo/images/home-3/room/room-2-3.png]
[landing.engotheme.com/html/lotus/demo/images/home-3/room/room-2-4.png]
[landing.engotheme.com/html/lotus/demo/images/home-3/room/room-2-5.png]
[landing.engotheme.com/html/lotus/demo/images/home-3/room/room-2-6.png]
[landing.engotheme.com/html/lotus/demo/images/home-3/about.png]
[landing.engotheme.com/html/lotus/demo/images/home-3/out-best.png]
[landing.engotheme.com/html/lotus/demo/images/home-3/deals/deals-5.png]
[landing.engotheme.com/html/lotus/demo/images/home-3/footer/mail-footer-1.png]
[landing.engotheme.com/html/lotus/demo/index-4.html]
[landing.engotheme.com/html/lotus/demo/images/about/img-1.jpg]
[landing.engotheme.com/html/lotus/demo/images/about/img-2.jpg]
[landing.engotheme.com/html/lotus/demo/images/team/img-1.jpg]
[landing.engotheme.com/html/lotus/demo/images/team/img-2.jpg]
[landing.engotheme.com/html/lotus/demo/images/team/img-3.jpg]
[landing.engotheme.com/html/lotus/demo/images/team/img-4.jpg]
[landing.engotheme.com/html/lotus/demo/about.html]
[landing.engotheme.com/html/lotus/demo/images/room/grid/img-1.jpg]
[landing.engotheme.com/html/lotus/demo/images/room/grid/img-2.jpg]
[landing.engotheme.com/html/lotus/demo/images/room/grid/img-3.jpg]
[landing.engotheme.com/html/lotus/demo/images/room/grid/img-4.jpg]
[landing.engotheme.com/html/lotus/demo/room-1.html]
[landing.engotheme.com/html/lotus/demo/images/room/room2/img-1.jpg]
[landing.engotheme.com/html/lotus/demo/images/room/room2/img-2.jpg]
[landing.engotheme.com/html/lotus/demo/images/room/room2/img-3.jpg]
[landing.engotheme.com/html/lotus/demo/images/room/room2/img-4.jpg]
[landing.engotheme.com/html/lotus/demo/room-2.html]
[landing.engotheme.com/html/lotus/demo/images/room/room3/img-1.jpg]
[landing.engotheme.com/html/lotus/demo/images/room/room3/img-thumbs-1.jpg]
[landing.engotheme.com/html/lotus/demo/images/room/room3/img-2.jpg]
[landing.engotheme.com/html/lotus/demo/images/room/room3/img-thumbs-2.jpg]
[landing.engotheme.com/html/lotus/demo/images/room/room3/img-3.jpg]
[landing.engotheme.com/html/lotus/demo/images/room/room3/img-thumbs-3.jpg]
[landing.engotheme.com/html/lotus/demo/images/room/room3/img-4.jpg]
[landing.engotheme.com/html/lotus/demo/images/room/room3/img-thumbs-4.jpg]
[landing.engotheme.com/html/lotus/demo/room-3.html]
[landing.engotheme.com/html/lotus/demo/images/room/room4/img-1.jpg]
[landing.engotheme.com/html/lotus/demo/images/room/room4/img-thumbs-1.jpg]
[landing.engotheme.com/html/lotus/demo/images/room/room4/img-2.jpg]
[landing.engotheme.com/html/lotus/demo/images/room/room4/img-thumbs-2.jpg]
[landing.engotheme.com/html/lotus/demo/images/room/room4/img-3.jpg]
[landing.engotheme.com/html/lotus/demo/images/room/room4/img-thumbs-3.jpg]
[landing.engotheme.com/html/lotus/demo/images/room/room4/img-4.jpg]
[landing.engotheme.com/html/lotus/demo/images/room/room4/img-thumbs-4.jpg]
[landing.engotheme.com/html/lotus/demo/room-4.html]
[landing.engotheme.com/html/lotus/demo/images/room/grid2/img-1.jpg]
[landing.engotheme.com/html/lotus/demo/images/room/grid2/img-2.jpg]
[landing.engotheme.com/html/lotus/demo/images/room/grid2/img-3.jpg]
[landing.engotheme.com/html/lotus/demo/images/room/grid2/img-4.jpg]
[landing.engotheme.com/html/lotus/demo/images/room/grid2/img-5.jpg]
[landing.engotheme.com/html/lotus/demo/images/room/grid2/img-6.jpg]
[landing.engotheme.com/html/lotus/demo/images/room/grid2/img-7.jpg]
[landing.engotheme.com/html/lotus/demo/images/room/grid2/img-8.jpg]
[landing.engotheme.com/html/lotus/demo/room-5.html]
[landing.engotheme.com/html/lotus/demo/images/room/list/img-1.jpg]
[landing.engotheme.com/html/lotus/demo/images/room/list/img-2.jpg]
[landing.engotheme.com/html/lotus/demo/images/room/list/img-3.jpg]
[landing.engotheme.com/html/lotus/demo/images/room/list/img-4.jpg]
[landing.engotheme.com/html/lotus/demo/room-6.html]
[landing.engotheme.com/html/lotus/demo/images/room/detail/lager/img-1.jpg]
[landing.engotheme.com/html/lotus/demo/images/room/detail/lager/img-2.jpg]
[landing.engotheme.com/html/lotus/demo/images/room/detail/lager/img-3.jpg]
[landing.engotheme.com/html/lotus/demo/images/room/detail/lager/img-5.jpg]
[landing.engotheme.com/html/lotus/demo/images/room/detail/lager/img-6.jpg]
[landing.engotheme.com/html/lotus/demo/images/room/detail/lager/img-7.jpg]
[landing.engotheme.com/html/lotus/demo/images/room/detail/img-2.jpg]
[landing.engotheme.com/html/lotus/demo/images/room/detail/img-3.jpg]
[landing.engotheme.com/html/lotus/demo/images/room/detail/img-4.jpg]
[landing.engotheme.com/html/lotus/demo/images/room/detail/img-5.jpg]
[landing.engotheme.com/html/lotus/demo/images/room/detail/img-6.jpg]
[landing.engotheme.com/html/lotus/demo/images/room/detail/img-7.jpg]
[landing.engotheme.com/html/lotus/demo/images/room/detail/img-8.jpg]
[landing.engotheme.com/html/lotus/demo/images/icon-logo.png]
[landing.engotheme.com/html/lotus/demo/images/room/detail/compare/img-1.jpg]
[landing.engotheme.com/html/lotus/demo/images/room/detail/compare/img-2.jpg]
[landing.engotheme.com/html/lotus/demo/images/room/detail/compare/img-3.jpg]
[landing.engotheme.com/html/lotus/demo/images/room/detail/compare/img-4.jpg]
[landing.engotheme.com/html/lotus/demo/room-detail.html]
[landing.engotheme.com/html/lotus/demo/images/restaurants/img-1.jpg]
[landing.engotheme.com/html/lotus/demo/images/restaurants/img-2.jpg]
[landing.engotheme.com/html/lotus/demo/images/restaurants/img-3.jpg]
[landing.engotheme.com/html/lotus/demo/images/restaurants/img-4.jpg]
[landing.engotheme.com/html/lotus/demo/images/restaurants/img-5.jpg]
[landing.engotheme.com/html/lotus/demo/images/restaurants/img-6.jpg]
[landing.engotheme.com/html/lotus/demo/images/restaurants/img-7.jpg]
[landing.engotheme.com/html/lotus/demo/images/restaurants/img-8.jpg]
[landing.engotheme.com/html/lotus/demo/images/restaurants/img-9.jpg]
[landing.engotheme.com/html/lotus/demo/images/restaurants/img-10.jpg]
[landing.engotheme.com/html/lotus/demo/images/restaurants/img-11.jpg]
[landing.engotheme.com/html/lotus/demo/images/restaurants/img-12.jpg]
[landing.engotheme.com/html/lotus/demo/images/restaurants/img-13.jpg]
[landing.engotheme.com/html/lotus/demo/images/restaurants/img-14.jpg]
[landing.engotheme.com/html/lotus/demo/images/restaurants/img-15.jpg]
[landing.engotheme.com/html/lotus/demo/images/restaurants/img-16.jpg]
[landing.engotheme.com/html/lotus/demo/images/restaurants/img-17.jpg]
[landing.engotheme.com/html/lotus/demo/images/restaurants/img-18.jpg]
[landing.engotheme.com/html/lotus/demo/images/restaurants/img-19.jpg]
[landing.engotheme.com/html/lotus/demo/images/restaurants/img-20.jpg]
[landing.engotheme.com/html/lotus/demo/images/restaurants/img-21.jpg]
[landing.engotheme.com/html/lotus/demo/images/restaurants/img-22.jpg]
[landing.engotheme.com/html/lotus/demo/images/restaurants/img-23.jpg]
[landing.engotheme.com/html/lotus/demo/images/restaurants/img-24.jpg]
[landing.engotheme.com/html/lotus/demo/restaurants-1.html]
[landing.engotheme.com/html/lotus/demo/restaurants-2.html]
[landing.engotheme.com/html/lotus/demo/restaurants-3.html]
[landing.engotheme.com/html/lotus/demo/restaurants-4.html]
[landing.engotheme.com/html/lotus/demo/reservation-step-1.html]
[landing.engotheme.com/html/lotus/demo/images/reservation/img-1.jpg]
[landing.engotheme.com/html/lotus/demo/images/reservation/package/img-1.jpg]
[landing.engotheme.com/html/lotus/demo/images/reservation/img-2.jpg]
[landing.engotheme.com/html/lotus/demo/images/reservation/img-3.jpg]
[landing.engotheme.com/html/lotus/demo/images/reservation/img-4.jpg]
[landing.engotheme.com/html/lotus/demo/reservation-step-2.html]
[landing.engotheme.com/html/lotus/demo/reservation-step-3.html]
[landing.engotheme.com/html/lotus/demo/reservation-step-4.html]
[landing.engotheme.com/html/lotus/demo/images/icon-card.jpg]
[landing.engotheme.com/html/lotus/demo/reservation-step-5.html]
[landing.engotheme.com/html/lotus/demo/guest-book.html]
[landing.engotheme.com/html/lotus/demo/ajax/ajax-guest-book-form.html]
[landing.engotheme.com/html/lotus/demo/images/avatar/img-6.jpg]
[landing.engotheme.com/html/lotus/demo/images/avatar/img-7.jpg]
[landing.engotheme.com/html/lotus/demo/images/avatar/img-8.jpg]
[landing.engotheme.com/html/lotus/demo/images/avatar/img-9.jpg]
[landing.engotheme.com/html/lotus/demo/images/avatar/img-10.jpg]
[landing.engotheme.com/html/lotus/demo/images/avatar/img-14.jpg]
[landing.engotheme.com/html/lotus/demo/images/avatar/img-11.jpg]
[landing.engotheme.com/html/lotus/demo/images/avatar/img-13.jpg]
[landing.engotheme.com/html/lotus/demo/images/avatar/img-12.jpg]
[landing.engotheme.com/html/lotus/demo/guest-book-2.html]
[landing.engotheme.com/html/lotus/demo/images/blog/img-8.jpg]
[landing.engotheme.com/html/lotus/demo/images/blog/img-9.jpg]
[landing.engotheme.com/html/lotus/demo/images/blog/img-10.jpg]
[landing.engotheme.com/html/lotus/demo/images/blog/img-11.jpg]
[landing.engotheme.com/html/lotus/demo/images/hotel/img-1.jpg]
[landing.engotheme.com/html/lotus/demo/events.html]
[landing.engotheme.com/html/lotus/demo/events-fullwidth.html]
[landing.engotheme.com/html/lotus/demo/images/blog/img-12.jpg]
[landing.engotheme.com/html/lotus/demo/images/blog/img-13.jpg]
[landing.engotheme.com/html/lotus/demo/images/avatar/img-1.jpg]
[landing.engotheme.com/html/lotus/demo/images/avatar/img-2.jpg]
[landing.engotheme.com/html/lotus/demo/images/avatar/img-3.jpg]
[landing.engotheme.com/html/lotus/demo/images/avatar/img-4.jpg]
[landing.engotheme.com/html/lotus/demo/events-detail.html]
[landing.engotheme.com/html/lotus/demo/ajax/ajax-attraction.html]
[landing.engotheme.com/html/lotus/demo/images/attractions/img-1.jpg]
[landing.engotheme.com/html/lotus/demo/images/attractions/img-2.jpg]
[landing.engotheme.com/html/lotus/demo/attractions.html]
[landing.engotheme.com/html/lotus/demo/term-condition.html]
[landing.engotheme.com/html/lotus/demo/js/lib/jquery.jquery.countTo.js]
[landing.engotheme.com/html/lotus/demo/term-condition-2.html]
[landing.engotheme.com/html/lotus/demo/images/activiti/img-1.jpg]
[landing.engotheme.com/html/lotus/demo/images/activiti/img-2.jpg]
[landing.engotheme.com/html/lotus/demo/images/activiti/img-3.jpg]
[landing.engotheme.com/html/lotus/demo/images/activiti/img-4.jpg]
[landing.engotheme.com/html/lotus/demo/images/activiti/img-5.jpg]
[landing.engotheme.com/html/lotus/demo/images/activiti/img-6.jpg]
[landing.engotheme.com/html/lotus/demo/images/activiti/img-7.jpg]
[landing.engotheme.com/html/lotus/demo/images/activiti/img-8.jpg]
[landing.engotheme.com/html/lotus/demo/images/activiti/img-9.jpg]
[landing.engotheme.com/html/lotus/demo/activiti.html]
[landing.engotheme.com/html/lotus/demo/images/activiti/detail/img-1.jpg]
[landing.engotheme.com/html/lotus/demo/images/activiti/detail/img-2.jpg]
[landing.engotheme.com/html/lotus/demo/images/blog/thumbnail/img-2.jpg]
[landing.engotheme.com/html/lotus/demo/images/blog/thumbnail/img-3.jpg]
[landing.engotheme.com/html/lotus/demo/images/blog/thumbnail/img-4.jpg]
[landing.engotheme.com/html/lotus/demo/images/blog/thumbnail/img-5.jpg]
[landing.engotheme.com/html/lotus/demo/activiti-detail.html]
[landing.engotheme.com/html/lotus/demo/images/cart/img-2.jpg]
[landing.engotheme.com/html/lotus/demo/images/cart/img-3.jpg]
[landing.engotheme.com/html/lotus/demo/check-out.html]
[landing.engotheme.com/html/lotus/demo/shortcode.html]
[landing.engotheme.com/html/lotus/demo/page-404.html]
[landing.engotheme.com/html/lotus/demo/comingsoon.html]
[landing.engotheme.com/html/lotus/demo/images/gallery/page/img-1.jpg]
[landing.engotheme.com/html/lotus/demo/images/gallery/page/img-2.jpg]
[landing.engotheme.com/html/lotus/demo/images/gallery/page/img-3.jpg]
[landing.engotheme.com/html/lotus/demo/images/gallery/page/img-4.jpg]
[landing.engotheme.com/html/lotus/demo/images/gallery/page/img-5.jpg]
[landing.engotheme.com/html/lotus/demo/images/gallery/page/img-6.jpg]
[landing.engotheme.com/html/lotus/demo/images/gallery/page/img-7.jpg]
[landing.engotheme.com/html/lotus/demo/images/gallery/page/img-8.jpg]
[landing.engotheme.com/html/lotus/demo/images/gallery/page/img-9.jpg]
[landing.engotheme.com/html/lotus/demo/images/gallery/page/img-10.jpg]
[landing.engotheme.com/html/lotus/demo/images/gallery/page/img-12.jpg]
[landing.engotheme.com/html/lotus/demo/images/gallery/page/img-13.jpg]
[landing.engotheme.com/html/lotus/demo/images/gallery/page/img-14.jpg]
[landing.engotheme.com/html/lotus/demo/images/gallery/page/img-11.jpg]
[landing.engotheme.com/html/lotus/demo/images/gallery/page/img-16.jpg]
[landing.engotheme.com/html/lotus/demo/images/gallery/page/img-15.jpg]
[landing.engotheme.com/html/lotus/demo/gallery.html]
[landing.engotheme.com/html/lotus/demo/images/gallery/img-13.jpg]
[landing.engotheme.com/html/lotus/demo/images/gallery/img-14.jpg]
[landing.engotheme.com/html/lotus/demo/images/gallery/img-15.jpg]
[landing.engotheme.com/html/lotus/demo/images/gallery/img-16.jpg]
[landing.engotheme.com/html/lotus/demo/images/gallery/img-17.jpg]
[landing.engotheme.com/html/lotus/demo/images/gallery/img-18.jpg]
[landing.engotheme.com/html/lotus/demo/images/gallery/img-19.jpg]
[landing.engotheme.com/html/lotus/demo/images/gallery/img-20.jpg]
[landing.engotheme.com/html/lotus/demo/gallery-2.html]
[landing.engotheme.com/html/lotus/demo/images/gallery/page-3/img-1.jpg]
[landing.engotheme.com/html/lotus/demo/images/gallery/page-3/img-2.jpg]
[landing.engotheme.com/html/lotus/demo/images/gallery/page-3/img-3.jpg]
[landing.engotheme.com/html/lotus/demo/images/gallery/page-3/img-4.jpg]
[landing.engotheme.com/html/lotus/demo/images/gallery/page-3/img-5.jpg]
[landing.engotheme.com/html/lotus/demo/images/gallery/page-3/img-7.jpg]
[landing.engotheme.com/html/lotus/demo/images/gallery/page-3/img-8.jpg]
[landing.engotheme.com/html/lotus/demo/images/gallery/page-3/img-9.jpg]
[landing.engotheme.com/html/lotus/demo/images/gallery/page-3/img-10.jpg]
[landing.engotheme.com/html/lotus/demo/images/gallery/page-3/img-11.jpg]
[landing.engotheme.com/html/lotus/demo/images/gallery/page-3/img-12.jpg]
[landing.engotheme.com/html/lotus/demo/images/gallery/page-3/img-13.jpg]
[landing.engotheme.com/html/lotus/demo/images/gallery/page-3/img-14.jpg]
[landing.engotheme.com/html/lotus/demo/images/gallery/page-3/img-15.jpg]
[landing.engotheme.com/html/lotus/demo/images/gallery/page-3/img-16.jpg]
[landing.engotheme.com/html/lotus/demo/gallery-3.html]
[landing.engotheme.com/html/lotus/demo/images/blog/img-2.jpg]
[landing.engotheme.com/html/lotus/demo/images/blog/img-3.jpg]
[landing.engotheme.com/html/lotus/demo/images/blog/img-4.jpg]
[landing.engotheme.com/html/lotus/demo/images/blog/img-5.jpg]
[landing.engotheme.com/html/lotus/demo/blog.html]
[landing.engotheme.com/html/lotus/demo/blog-detail.html]
[landing.engotheme.com/html/lotus/demo/images/blog/img-6.jpg]
[landing.engotheme.com/html/lotus/demo/images/blog/img-7.jpg]
[landing.engotheme.com/html/lotus/demo/blog-detail-fullwidth.html]
[landing.engotheme.com/html/lotus/demo/images/contact/img-1.jpg]
[landing.engotheme.com/html/lotus/demo/images/contact/img-2.jpg]
[landing.engotheme.com/html/lotus/demo/contact.html]
[landing.engotheme.com/html/lotus/demo/fonts/fontAwesome/fontawesome-webfonte0a5.svg]
[landing.engotheme.com/html/lotus/demo/fonts/lotus/icomoonaabe.svg]
[landing.engotheme.com/html/lotus/demo/fonts/glyphicons/glyphicons-halflings-regular.html]
[landing.engotheme.com/html/lotus/demo/fonts/glyphicons/glyphicons-halflings-regulard41d.html]
[landing.engotheme.com/html/lotus/demo/fonts/glyphicons/glyphicons-halflings-regular-2.html]
[landing.engotheme.com/html/lotus/demo/fonts/glyphicons/glyphicons-halflings-regular-3.html]
[landing.engotheme.com/html/lotus/demo/fonts/glyphicons/glyphicons-halflings-regular-4.html]
[landing.engotheme.com/html/lotus/demo/css/lib/grabbing.html]
[landing.engotheme.com/html/lotus/demo/css/lib/images/ui-bg_highlight-soft_100_eeeeee_1x100.html]
[landing.engotheme.com/html/lotus/demo/css/lib/images/ui-bg_gloss-wave_35_f6a828_500x100.html]
[landing.engotheme.com/html/lotus/demo/css/lib/images/ui-bg_glass_100_f6f6f6_1x400.html]
[landing.engotheme.com/html/lotus/demo/css/lib/images/ui-bg_glass_100_fdf5ce_1x400.html]
[landing.engotheme.com/html/lotus/demo/css/lib/images/ui-bg_glass_65_ffffff_1x400.html]
[landing.engotheme.com/html/lotus/demo/css/lib/images/ui-bg_highlight-soft_75_ffe45c_1x100.html]
[landing.engotheme.com/html/lotus/demo/css/lib/images/ui-bg_diagonals-thick_18_b81900_40x40.html]
[landing.engotheme.com/html/lotus/demo/css/lib/images/ui-icons_222222_256x240.html]
[landing.engotheme.com/html/lotus/demo/css/lib/images/ui-icons_ffffff_256x240.html]
[landing.engotheme.com/html/lotus/demo/css/lib/images/ui-icons_ef8c08_256x240.html]
[landing.engotheme.com/html/lotus/demo/css/lib/images/ui-icons_228ef1_256x240.html]
[landing.engotheme.com/html/lotus/demo/css/lib/images/ui-icons_ffd27a_256x240.html]
[landing.engotheme.com/html/lotus/demo/css/lib/images/ui-bg_diagonals-thick_20_666666_40x40.html]
[landing.engotheme.com/html/lotus/demo/css/lib/images/ui-bg_flat_10_000000_40x100.html]
[landing.engotheme.com/html/lotus/demo/css/images/gradient/g30.html]
[landing.engotheme.com/html/lotus/demo/css/images/gradient/g40.html]
[landing.engotheme.com/html/lotus/demo/css/assets/shadow1.html]
[landing.engotheme.com/html/lotus/demo/css/assets/shadow2.html]
[landing.engotheme.com/html/lotus/demo/css/assets/shadow3.html]
[landing.engotheme.com/html/lotus/demo/css/assets/gridtile.html]
[landing.engotheme.com/html/lotus/demo/css/assets/gridtile_white.html]
[landing.engotheme.com/html/lotus/demo/css/assets/gridtile_3x3.html]
[landing.engotheme.com/html/lotus/demo/css/assets/gridtile_3x3_white.html]
[landing.engotheme.com/html/lotus/demo/css/assets/boxed_bgtile.html]
[landing.engotheme.com/html/lotus/demo/css/assets/navigdots_bgtile.html]
[landing.engotheme.com/html/lotus/demo/css/assets/navigdots.html]
[landing.engotheme.com/html/lotus/demo/css/assets/coloredbg.html]
[landing.engotheme.com/html/lotus/demo/css/assets/loader.html]
[landing.engotheme.com/html/lotus/demo/fonts/revicons/revicons90c6.svg]
[landing.engotheme.com/html/lotus/demo/ajax/ajax-guest-book-form.html]
[landing.engotheme.com/html/lotus/demo/ajax/images/attractions/img-1.jpg]
[landing.engotheme.com/html/lotus/demo/ajax/images/attractions/img-2.jpg]
[landing.engotheme.com/html/lotus/demo/ajax/ajax-attraction.html]
[landing.engotheme.com/html/lotus/demo/js/lib/jquery.jquery.countTo.html]
[landing.engotheme.com/html/lotus/demo/ajax/images/attractions/img-1.html]
[landing.engotheme.com/html/lotus/demo/ajax/images/attractions/img-2.html]
